[0219/190933.500:ERROR:crash_report_database_win.cc(469)] failed to stat report
[0219/190933.501:ERROR:crash_report_database_win.cc(469)] failed to stat report
[0219/190933.501:ERROR:crash_report_database_win.cc(469)] failed to stat report
[0219/190933.501:ERROR:crash_report_database_win.cc(469)] failed to stat report
[0219/190933.501:ERROR:crash_report_database_win.cc(469)] failed to stat report
[0219/190933.501:ERROR:crash_report_database_win.cc(469)] failed to stat report
[0219/190933.501:ERROR:crash_report_database_win.cc(469)] failed to stat report
[0219/190933.502:ERROR:crash_report_database_win.cc(469)] failed to stat report
[0219/190933.502:ERROR:crash_report_database_win.cc(469)] failed to stat report
[0219/190933.502:ERROR:crash_report_database_win.cc(469)] failed to stat report
[0219/190933.583:ERROR:crash_report_database_win.cc(469)] failed to stat report
[0219/190933.583:ERROR:crash_report_database_win.cc(469)] failed to stat report
[0221/090042.457:ERROR:crash_report_database_win.cc(469)] failed to stat report
[0221/090042.478:ERROR:crash_report_database_win.cc(469)] failed to stat report
[0221/090042.478:ERROR:crash_report_database_win.cc(469)] failed to stat report
[0221/090042.478:ERROR:crash_report_database_win.cc(469)] failed to stat report
[0221/090042.478:ERROR:crash_report_database_win.cc(469)] failed to stat report
[0221/090042.478:ERROR:crash_report_database_win.cc(469)] failed to stat report
[0221/090042.478:ERROR:crash_report_database_win.cc(469)] failed to stat report
[0221/090042.478:ERROR:crash_report_database_win.cc(469)] failed to stat report
[0221/090042.478:ERROR:crash_report_database_win.cc(469)] failed to stat report
[0221/090042.478:ERROR:crash_report_database_win.cc(469)] failed to stat report
[0221/090042.478:ERROR:crash_report_database_win.cc(469)] failed to stat report
[0221/090042.478:ERROR:crash_report_database_win.cc(469)] failed to stat report
[0225/124529.644:ERROR:crash_report_database_win.cc(469)] failed to stat report
[0225/124529.840:ERROR:crash_report_database_win.cc(469)] failed to stat report
[0225/124529.840:ERROR:crash_report_database_win.cc(469)] failed to stat report
[0225/124529.840:ERROR:crash_report_database_win.cc(469)] failed to stat report
[0225/124529.840:ERROR:crash_report_database_win.cc(469)] failed to stat report
[0225/124529.840:ERROR:crash_report_database_win.cc(469)] failed to stat report
[0225/124529.840:ERROR:crash_report_database_win.cc(469)] failed to stat report
[0225/124529.840:ERROR:crash_report_database_win.cc(469)] failed to stat report
[0225/124529.840:ERROR:crash_report_database_win.cc(469)] failed to stat report
[0225/124529.840:ERROR:crash_report_database_win.cc(469)] failed to stat report
[0225/124529.840:ERROR:crash_report_database_win.cc(469)] failed to stat report
[0225/124529.840:ERROR:crash_report_database_win.cc(469)] failed to stat report
[0225/141206.574:ERROR:crash_report_database_win.cc(469)] failed to stat report
[0225/141206.666:ERROR:crash_report_database_win.cc(469)] failed to stat report
[0225/141206.666:ERROR:crash_report_database_win.cc(469)] failed to stat report
[0225/141206.666:ERROR:crash_report_database_win.cc(469)] failed to stat report
[0225/141206.666:ERROR:crash_report_database_win.cc(469)] failed to stat report
[0225/141206.666:ERROR:crash_report_database_win.cc(469)] failed to stat report
[0225/141206.666:ERROR:crash_report_database_win.cc(469)] failed to stat report
[0225/141206.666:ERROR:crash_report_database_win.cc(469)] failed to stat report
[0225/141206.666:ERROR:crash_report_database_win.cc(469)] failed to stat report
[0225/141206.666:ERROR:crash_report_database_win.cc(469)] failed to stat report
[0225/141206.666:ERROR:crash_report_database_win.cc(469)] failed to stat report
[0225/141206.666:ERROR:crash_report_database_win.cc(469)] failed to stat report
[0225/145003.522:ERROR:crash_report_database_win.cc(469)] failed to stat report
[0225/145003.550:ERROR:crash_report_database_win.cc(469)] failed to stat report
[0225/145003.550:ERROR:crash_report_database_win.cc(469)] failed to stat report
[0225/145003.554:ERROR:crash_report_database_win.cc(469)] failed to stat report
[0225/145003.555:ERROR:crash_report_database_win.cc(469)] failed to stat report
[0225/145003.555:ERROR:crash_report_database_win.cc(469)] failed to stat report
[0225/145003.555:ERROR:crash_report_database_win.cc(469)] failed to stat report
[0225/145003.560:ERROR:crash_report_database_win.cc(469)] failed to stat report
[0225/145003.560:ERROR:crash_report_database_win.cc(469)] failed to stat report
[0225/145003.560:ERROR:crash_report_database_win.cc(469)] failed to stat report
[0225/145003.560:ERROR:crash_report_database_win.cc(469)] failed to stat report
[0225/145003.560:ERROR:crash_report_database_win.cc(469)] failed to stat report
[0226/083028.564:ERROR:crash_report_database_win.cc(469)] failed to stat report
[0226/083028.690:ERROR:crash_report_database_win.cc(469)] failed to stat report
[0226/083028.690:ERROR:crash_report_database_win.cc(469)] failed to stat report
[0226/083028.690:ERROR:crash_report_database_win.cc(469)] failed to stat report
[0226/083028.690:ERROR:crash_report_database_win.cc(469)] failed to stat report
[0226/083028.690:ERROR:crash_report_database_win.cc(469)] failed to stat report
[0226/083028.690:ERROR:crash_report_database_win.cc(469)] failed to stat report
[0226/083028.690:ERROR:crash_report_database_win.cc(469)] failed to stat report
[0226/083028.690:ERROR:crash_report_database_win.cc(469)] failed to stat report
[0226/083028.690:ERROR:crash_report_database_win.cc(469)] failed to stat report
[0226/083028.690:ERROR:crash_report_database_win.cc(469)] failed to stat report
[0226/083028.690:ERROR:crash_report_database_win.cc(469)] failed to stat report
[0226/111031.861:ERROR:crash_report_database_win.cc(469)] failed to stat report
[0226/111031.956:ERROR:crash_report_database_win.cc(469)] failed to stat report
[0226/111031.956:ERROR:crash_report_database_win.cc(469)] failed to stat report
[0226/111031.956:ERROR:crash_report_database_win.cc(469)] failed to stat report
[0226/111031.956:ERROR:crash_report_database_win.cc(469)] failed to stat report
[0226/111031.956:ERROR:crash_report_database_win.cc(469)] failed to stat report
[0226/111031.956:ERROR:crash_report_database_win.cc(469)] failed to stat report
[0226/111031.956:ERROR:crash_report_database_win.cc(469)] failed to stat report
[0226/111031.956:ERROR:crash_report_database_win.cc(469)] failed to stat report
[0226/111031.956:ERROR:crash_report_database_win.cc(469)] failed to stat report
[0226/111031.956:ERROR:crash_report_database_win.cc(469)] failed to stat report
[0226/111031.956:ERROR:crash_report_database_win.cc(469)] failed to stat report
[0226/143955.857:ERROR:crash_report_database_win.cc(469)] failed to stat report
[0226/143955.857:ERROR:crash_report_database_win.cc(469)] failed to stat report
[0226/143955.857:ERROR:crash_report_database_win.cc(469)] failed to stat report
[0226/143955.857:ERROR:crash_report_database_win.cc(469)] failed to stat report
[0226/143955.857:ERROR:crash_report_database_win.cc(469)] failed to stat report
[0226/143955.857:ERROR:crash_report_database_win.cc(469)] failed to stat report
[0226/143955.857:ERROR:crash_report_database_win.cc(469)] failed to stat report
[0226/143955.857:ERROR:crash_report_database_win.cc(469)] failed to stat report
[0226/143955.858:ERROR:crash_report_database_win.cc(469)] failed to stat report
[0226/143955.858:ERROR:crash_report_database_win.cc(469)] failed to stat report
[0226/143955.858:ERROR:crash_report_database_win.cc(469)] failed to stat report
[0226/143955.858:ERROR:crash_report_database_win.cc(469)] failed to stat report
[0226/200639.929:ERROR:crash_report_database_win.cc(469)] failed to stat report
[0226/200640.024:ERROR:crash_report_database_win.cc(469)] failed to stat report
[0226/200640.024:ERROR:crash_report_database_win.cc(469)] failed to stat report
[0226/200640.024:ERROR:crash_report_database_win.cc(469)] failed to stat report
[0226/200640.024:ERROR:crash_report_database_win.cc(469)] failed to stat report
[0226/200640.024:ERROR:crash_report_database_win.cc(469)] failed to stat report
[0226/200640.024:ERROR:crash_report_database_win.cc(469)] failed to stat report
[0226/200640.024:ERROR:crash_report_database_win.cc(469)] failed to stat report
[0226/200640.024:ERROR:crash_report_database_win.cc(469)] failed to stat report
[0226/200640.024:ERROR:crash_report_database_win.cc(469)] failed to stat report
[0226/200640.024:ERROR:crash_report_database_win.cc(469)] failed to stat report
[0226/200640.024:ERROR:crash_report_database_win.cc(469)] failed to stat report
[0226/213821.538:ERROR:crash_report_database_win.cc(469)] failed to stat report
[0226/213821.538:ERROR:crash_report_database_win.cc(469)] failed to stat report
[0226/213821.538:ERROR:crash_report_database_win.cc(469)] failed to stat report
[0226/213821.538:ERROR:crash_report_database_win.cc(469)] failed to stat report
[0226/213821.538:ERROR:crash_report_database_win.cc(469)] failed to stat report
[0226/213821.538:ERROR:crash_report_database_win.cc(469)] failed to stat report
[0226/213821.538:ERROR:crash_report_database_win.cc(469)] failed to stat report
[0226/213821.538:ERROR:crash_report_database_win.cc(469)] failed to stat report
[0226/213821.538:ERROR:crash_report_database_win.cc(469)] failed to stat report
[0226/213821.538:ERROR:crash_report_database_win.cc(469)] failed to stat report
[0226/213821.538:ERROR:crash_report_database_win.cc(469)] failed to stat report
[0226/213821.538:ERROR:crash_report_database_win.cc(469)] failed to stat report
[0227/114738.095:ERROR:crash_report_database_win.cc(469)] failed to stat report
[0227/114738.219:ERROR:crash_report_database_win.cc(469)] failed to stat report
[0227/114738.219:ERROR:crash_report_database_win.cc(469)] failed to stat report
[0227/114738.219:ERROR:crash_report_database_win.cc(469)] failed to stat report
[0227/114738.219:ERROR:crash_report_database_win.cc(469)] failed to stat report
[0227/114738.219:ERROR:crash_report_database_win.cc(469)] failed to stat report
[0227/114738.219:ERROR:crash_report_database_win.cc(469)] failed to stat report
[0227/114738.219:ERROR:crash_report_database_win.cc(469)] failed to stat report
[0227/114738.219:ERROR:crash_report_database_win.cc(469)] failed to stat report
[0227/114738.225:ERROR:crash_report_database_win.cc(469)] failed to stat report
[0227/114738.225:ERROR:crash_report_database_win.cc(469)] failed to stat report
[0227/114738.225:ERROR:crash_report_database_win.cc(469)] failed to stat report
[0301/122739.199:ERROR:crash_report_database_win.cc(469)] failed to stat report
[0301/122739.308:ERROR:crash_report_database_win.cc(469)] failed to stat report
[0301/122739.308:ERROR:crash_report_database_win.cc(469)] failed to stat report
[0301/122739.308:ERROR:crash_report_database_win.cc(469)] failed to stat report
[0301/122739.308:ERROR:crash_report_database_win.cc(469)] failed to stat report
[0301/122739.308:ERROR:crash_report_database_win.cc(469)] failed to stat report
[0301/122739.308:ERROR:crash_report_database_win.cc(469)] failed to stat report
[0301/122739.308:ERROR:crash_report_database_win.cc(469)] failed to stat report
[0301/122739.309:ERROR:crash_report_database_win.cc(469)] failed to stat report
[0301/122739.309:ERROR:crash_report_database_win.cc(469)] failed to stat report
[0301/122739.309:ERROR:crash_report_database_win.cc(469)] failed to stat report
[0301/122739.309:ERROR:crash_report_database_win.cc(469)] failed to stat report
[0301/215024.281:ERROR:crash_report_database_win.cc(469)] failed to stat report
[0301/215024.281:ERROR:crash_report_database_win.cc(469)] failed to stat report
[0301/215024.281:ERROR:crash_report_database_win.cc(469)] failed to stat report
[0301/215024.281:ERROR:crash_report_database_win.cc(469)] failed to stat report
[0301/215024.281:ERROR:crash_report_database_win.cc(469)] failed to stat report
[0301/215024.281:ERROR:crash_report_database_win.cc(469)] failed to stat report
[0301/215024.281:ERROR:crash_report_database_win.cc(469)] failed to stat report
[0301/215024.281:ERROR:crash_report_database_win.cc(469)] failed to stat report
[0301/215024.281:ERROR:crash_report_database_win.cc(469)] failed to stat report
[0301/215024.281:ERROR:crash_report_database_win.cc(469)] failed to stat report
[0301/215024.281:ERROR:crash_report_database_win.cc(469)] failed to stat report
[0301/215024.281:ERROR:crash_report_database_win.cc(469)] failed to stat report
[0301/220024.284:ERROR:crash_report_database_win.cc(469)] failed to stat report
[0301/220024.284:ERROR:crash_report_database_win.cc(469)] failed to stat report
[0301/220024.284:ERROR:crash_report_database_win.cc(469)] failed to stat report
[0301/220024.284:ERROR:crash_report_database_win.cc(469)] failed to stat report
[0301/220024.284:ERROR:crash_report_database_win.cc(469)] failed to stat report
[0301/220024.284:ERROR:crash_report_database_win.cc(469)] failed to stat report
[0301/220024.284:ERROR:crash_report_database_win.cc(469)] failed to stat report
[0301/220024.284:ERROR:crash_report_database_win.cc(469)] failed to stat report
[0301/220024.284:ERROR:crash_report_database_win.cc(469)] failed to stat report
[0301/220024.284:ERROR:crash_report_database_win.cc(469)] failed to stat report
[0301/220024.284:ERROR:crash_report_database_win.cc(469)] failed to stat report
[0301/220024.284:ERROR:crash_report_database_win.cc(469)] failed to stat report
[0301/220024.284:ERROR:crash_report_database_win.cc(469)] failed to stat report
[0301/220024.284:ERROR:crash_report_database_win.cc(469)] failed to stat report
[0301/220024.284:ERROR:crash_report_database_win.cc(469)] failed to stat report
[0301/220024.284:ERROR:crash_report_database_win.cc(469)] failed to stat report
[0301/220024.284:ERROR:crash_report_database_win.cc(469)] failed to stat report
[0301/220024.284:ERROR:crash_report_database_win.cc(469)] failed to stat report
[0301/220024.284:ERROR:crash_report_database_win.cc(469)] failed to stat report
[0301/220024.284:ERROR:crash_report_database_win.cc(469)] failed to stat report
[0301/220024.284:ERROR:crash_report_database_win.cc(469)] failed to stat report
[0301/220024.284:ERROR:crash_report_database_win.cc(469)] failed to stat report
[0301/220024.284:ERROR:crash_report_database_win.cc(469)] failed to stat report
[0301/220024.284:ERROR:crash_report_database_win.cc(469)] failed to stat report
[0301/220524.281:ERROR:crash_report_database_win.cc(469)] failed to stat report
[0301/220524.281:ERROR:crash_report_database_win.cc(469)] failed to stat report
[0301/220524.281:ERROR:crash_report_database_win.cc(469)] failed to stat report
[0301/220524.281:ERROR:crash_report_database_win.cc(469)] failed to stat report
[0301/220524.281:ERROR:crash_report_database_win.cc(469)] failed to stat report
[0301/220524.281:ERROR:crash_report_database_win.cc(469)] failed to stat report
[0301/220524.281:ERROR:crash_report_database_win.cc(469)] failed to stat report
[0301/220524.281:ERROR:crash_report_database_win.cc(469)] failed to stat report
[0301/220524.281:ERROR:crash_report_database_win.cc(469)] failed to stat report
[0301/220524.281:ERROR:crash_report_database_win.cc(469)] failed to stat report
[0301/220524.281:ERROR:crash_report_database_win.cc(469)] failed to stat report
[0301/220524.281:ERROR:crash_report_database_win.cc(469)] failed to stat report
[0301/222024.287:ERROR:crash_report_database_win.cc(469)] failed to stat report
[0301/222024.287:ERROR:crash_report_database_win.cc(469)] failed to stat report
[0301/222024.287:ERROR:crash_report_database_win.cc(469)] failed to stat report
[0301/222024.287:ERROR:crash_report_database_win.cc(469)] failed to stat report
[0301/222024.287:ERROR:crash_report_database_win.cc(469)] failed to stat report
[0301/222024.287:ERROR:crash_report_database_win.cc(469)] failed to stat report
[0301/222024.287:ERROR:crash_report_database_win.cc(469)] failed to stat report
[0301/222024.287:ERROR:crash_report_database_win.cc(469)] failed to stat report
[0301/222024.287:ERROR:crash_report_database_win.cc(469)] failed to stat report
[0301/222024.287:ERROR:crash_report_database_win.cc(469)] failed to stat report
[0301/222024.287:ERROR:crash_report_database_win.cc(469)] failed to stat report
[0301/222024.288:ERROR:crash_report_database_win.cc(469)] failed to stat report
[0301/223524.299:ERROR:crash_report_database_win.cc(469)] failed to stat report
[0301/223524.299:ERROR:crash_report_database_win.cc(469)] failed to stat report
[0301/223524.299:ERROR:crash_report_database_win.cc(469)] failed to stat report
[0301/223524.299:ERROR:crash_report_database_win.cc(469)] failed to stat report
[0301/223524.299:ERROR:crash_report_database_win.cc(469)] failed to stat report
[0301/223524.299:ERROR:crash_report_database_win.cc(469)] failed to stat report
[0301/223524.299:ERROR:crash_report_database_win.cc(469)] failed to stat report
[0301/223524.299:ERROR:crash_report_database_win.cc(469)] failed to stat report
[0301/223524.299:ERROR:crash_report_database_win.cc(469)] failed to stat report
[0301/223524.299:ERROR:crash_report_database_win.cc(469)] failed to stat report
[0301/223524.299:ERROR:crash_report_database_win.cc(469)] failed to stat report
[0301/223524.299:ERROR:crash_report_database_win.cc(469)] failed to stat report
[0301/225024.299:ERROR:crash_report_database_win.cc(469)] failed to stat report
[0301/225024.299:ERROR:crash_report_database_win.cc(469)] failed to stat report
[0301/225024.299:ERROR:crash_report_database_win.cc(469)] failed to stat report
[0301/225024.299:ERROR:crash_report_database_win.cc(469)] failed to stat report
[0301/225024.299:ERROR:crash_report_database_win.cc(469)] failed to stat report
[0301/225024.299:ERROR:crash_report_database_win.cc(469)] failed to stat report
[0301/225024.299:ERROR:crash_report_database_win.cc(469)] failed to stat report
[0301/225024.299:ERROR:crash_report_database_win.cc(469)] failed to stat report
[0301/225024.299:ERROR:crash_report_database_win.cc(469)] failed to stat report
[0301/225024.299:ERROR:crash_report_database_win.cc(469)] failed to stat report
[0301/225024.300:ERROR:crash_report_database_win.cc(469)] failed to stat report
[0301/225024.300:ERROR:crash_report_database_win.cc(469)] failed to stat report
[0302/103013.151:ERROR:crash_report_database_win.cc(469)] failed to stat report
[0302/103013.151:ERROR:crash_report_database_win.cc(469)] failed to stat report
[0302/103013.151:ERROR:crash_report_database_win.cc(469)] failed to stat report
[0302/103013.151:ERROR:crash_report_database_win.cc(469)] failed to stat report
[0302/103013.151:ERROR:crash_report_database_win.cc(469)] failed to stat report
[0302/103013.151:ERROR:crash_report_database_win.cc(469)] failed to stat report
[0302/103013.151:ERROR:crash_report_database_win.cc(469)] failed to stat report
[0302/103013.151:ERROR:crash_report_database_win.cc(469)] failed to stat report
[0302/103013.151:ERROR:crash_report_database_win.cc(469)] failed to stat report
[0302/103013.151:ERROR:crash_report_database_win.cc(469)] failed to stat report
[0302/103013.151:ERROR:crash_report_database_win.cc(469)] failed to stat report
[0302/103013.151:ERROR:crash_report_database_win.cc(469)] failed to stat report
[0302/104513.153:ERROR:crash_report_database_win.cc(469)] failed to stat report
[0302/104513.153:ERROR:crash_report_database_win.cc(469)] failed to stat report
[0302/104513.153:ERROR:crash_report_database_win.cc(469)] failed to stat report
[0302/104513.153:ERROR:crash_report_database_win.cc(469)] failed to stat report
[0302/104513.153:ERROR:crash_report_database_win.cc(469)] failed to stat report
[0302/104513.153:ERROR:crash_report_database_win.cc(469)] failed to stat report
[0302/104513.153:ERROR:crash_report_database_win.cc(469)] failed to stat report
[0302/104513.153:ERROR:crash_report_database_win.cc(469)] failed to stat report
[0302/104513.153:ERROR:crash_report_database_win.cc(469)] failed to stat report
[0302/104513.153:ERROR:crash_report_database_win.cc(469)] failed to stat report
[0302/104513.153:ERROR:crash_report_database_win.cc(469)] failed to stat report
[0302/104513.153:ERROR:crash_report_database_win.cc(469)] failed to stat report
[0302/121027.561:ERROR:crash_report_database_win.cc(469)] failed to stat report
[0302/121027.719:ERROR:crash_report_database_win.cc(469)] failed to stat report
[0302/121027.719:ERROR:crash_report_database_win.cc(469)] failed to stat report
[0302/121027.719:ERROR:crash_report_database_win.cc(469)] failed to stat report
[0302/121027.719:ERROR:crash_report_database_win.cc(469)] failed to stat report
[0302/121027.736:ERROR:crash_report_database_win.cc(469)] failed to stat report
[0302/121027.736:ERROR:crash_report_database_win.cc(469)] failed to stat report
[0302/121027.736:ERROR:crash_report_database_win.cc(469)] failed to stat report
[0302/121027.736:ERROR:crash_report_database_win.cc(469)] failed to stat report
[0302/121027.736:ERROR:crash_report_database_win.cc(469)] failed to stat report
[0302/121027.736:ERROR:crash_report_database_win.cc(469)] failed to stat report
[0302/121027.736:ERROR:crash_report_database_win.cc(469)] failed to stat report
[0304/103657.484:ERROR:crash_report_database_win.cc(469)] failed to stat report
[0304/103657.511:ERROR:crash_report_database_win.cc(469)] failed to stat report
[0304/103657.511:ERROR:crash_report_database_win.cc(469)] failed to stat report
[0304/103657.512:ERROR:crash_report_database_win.cc(469)] failed to stat report
[0304/103657.512:ERROR:crash_report_database_win.cc(469)] failed to stat report
[0304/103657.512:ERROR:crash_report_database_win.cc(469)] failed to stat report
[0304/103657.512:ERROR:crash_report_database_win.cc(469)] failed to stat report
[0304/103657.512:ERROR:crash_report_database_win.cc(469)] failed to stat report
[0304/103657.512:ERROR:crash_report_database_win.cc(469)] failed to stat report
[0304/103657.512:ERROR:crash_report_database_win.cc(469)] failed to stat report
[0304/103657.512:ERROR:crash_report_database_win.cc(469)] failed to stat report
[0304/103657.512:ERROR:crash_report_database_win.cc(469)] failed to stat report
[0304/104657.482:ERROR:crash_report_database_win.cc(469)] failed to stat report
[0304/104657.482:ERROR:crash_report_database_win.cc(469)] failed to stat report
[0304/104657.482:ERROR:crash_report_database_win.cc(469)] failed to stat report
[0304/104657.482:ERROR:crash_report_database_win.cc(469)] failed to stat report
[0304/104657.482:ERROR:crash_report_database_win.cc(469)] failed to stat report
[0304/104657.482:ERROR:crash_report_database_win.cc(469)] failed to stat report
[0304/104657.482:ERROR:crash_report_database_win.cc(469)] failed to stat report
[0304/104657.482:ERROR:crash_report_database_win.cc(469)] failed to stat report
[0304/104657.482:ERROR:crash_report_database_win.cc(469)] failed to stat report
[0304/104657.482:ERROR:crash_report_database_win.cc(469)] failed to stat report
[0304/104657.482:ERROR:crash_report_database_win.cc(469)] failed to stat report
[0304/104657.482:ERROR:crash_report_database_win.cc(469)] failed to stat report
[0304/104657.483:ERROR:crash_report_database_win.cc(469)] failed to stat report
[0304/104657.483:ERROR:crash_report_database_win.cc(469)] failed to stat report
[0304/104657.483:ERROR:crash_report_database_win.cc(469)] failed to stat report
[0304/104657.483:ERROR:crash_report_database_win.cc(469)] failed to stat report
[0304/104657.483:ERROR:crash_report_database_win.cc(469)] failed to stat report
[0304/104657.483:ERROR:crash_report_database_win.cc(469)] failed to stat report
[0304/104657.483:ERROR:crash_report_database_win.cc(469)] failed to stat report
[0304/104657.483:ERROR:crash_report_database_win.cc(469)] failed to stat report
[0304/104657.483:ERROR:crash_report_database_win.cc(469)] failed to stat report
[0304/104657.483:ERROR:crash_report_database_win.cc(469)] failed to stat report
[0304/104657.483:ERROR:crash_report_database_win.cc(469)] failed to stat report
[0304/104657.483:ERROR:crash_report_database_win.cc(469)] failed to stat report
[0304/105157.546:ERROR:crash_report_database_win.cc(469)] failed to stat report
[0304/105157.546:ERROR:crash_report_database_win.cc(469)] failed to stat report
[0304/105157.546:ERROR:crash_report_database_win.cc(469)] failed to stat report
[0304/105157.546:ERROR:crash_report_database_win.cc(469)] failed to stat report
[0304/105157.546:ERROR:crash_report_database_win.cc(469)] failed to stat report
[0304/105157.546:ERROR:crash_report_database_win.cc(469)] failed to stat report
[0304/105157.546:ERROR:crash_report_database_win.cc(469)] failed to stat report
[0304/105157.546:ERROR:crash_report_database_win.cc(469)] failed to stat report
[0304/105157.547:ERROR:crash_report_database_win.cc(469)] failed to stat report
[0304/105157.547:ERROR:crash_report_database_win.cc(469)] failed to stat report
[0304/105157.547:ERROR:crash_report_database_win.cc(469)] failed to stat report
[0304/105157.547:ERROR:crash_report_database_win.cc(469)] failed to stat report
[0304/110657.548:ERROR:crash_report_database_win.cc(469)] failed to stat report
[0304/110657.548:ERROR:crash_report_database_win.cc(469)] failed to stat report
[0304/110657.548:ERROR:crash_report_database_win.cc(469)] failed to stat report
[0304/110657.548:ERROR:crash_report_database_win.cc(469)] failed to stat report
[0304/110657.548:ERROR:crash_report_database_win.cc(469)] failed to stat report
[0304/110657.548:ERROR:crash_report_database_win.cc(469)] failed to stat report
[0304/110657.548:ERROR:crash_report_database_win.cc(469)] failed to stat report
[0304/110657.548:ERROR:crash_report_database_win.cc(469)] failed to stat report
[0304/110657.548:ERROR:crash_report_database_win.cc(469)] failed to stat report
[0304/110657.548:ERROR:crash_report_database_win.cc(469)] failed to stat report
[0304/110657.548:ERROR:crash_report_database_win.cc(469)] failed to stat report
[0304/110657.549:ERROR:crash_report_database_win.cc(469)] failed to stat report
[0304/112157.549:ERROR:crash_report_database_win.cc(469)] failed to stat report
[0304/112157.549:ERROR:crash_report_database_win.cc(469)] failed to stat report
[0304/112157.549:ERROR:crash_report_database_win.cc(469)] failed to stat report
[0304/112157.549:ERROR:crash_report_database_win.cc(469)] failed to stat report
[0304/112157.549:ERROR:crash_report_database_win.cc(469)] failed to stat report
[0304/112157.549:ERROR:crash_report_database_win.cc(469)] failed to stat report
[0304/112157.549:ERROR:crash_report_database_win.cc(469)] failed to stat report
[0304/112157.549:ERROR:crash_report_database_win.cc(469)] failed to stat report
[0304/112157.549:ERROR:crash_report_database_win.cc(469)] failed to stat report
[0304/112157.549:ERROR:crash_report_database_win.cc(469)] failed to stat report
[0304/112157.549:ERROR:crash_report_database_win.cc(469)] failed to stat report
[0304/112157.550:ERROR:crash_report_database_win.cc(469)] failed to stat report
[0304/113657.551:ERROR:crash_report_database_win.cc(469)] failed to stat report
[0304/113657.551:ERROR:crash_report_database_win.cc(469)] failed to stat report
[0304/113657.551:ERROR:crash_report_database_win.cc(469)] failed to stat report
[0304/113657.551:ERROR:crash_report_database_win.cc(469)] failed to stat report
[0304/113657.551:ERROR:crash_report_database_win.cc(469)] failed to stat report
[0304/113657.551:ERROR:crash_report_database_win.cc(469)] failed to stat report
[0304/113657.551:ERROR:crash_report_database_win.cc(469)] failed to stat report
[0304/113657.551:ERROR:crash_report_database_win.cc(469)] failed to stat report
[0304/113657.551:ERROR:crash_report_database_win.cc(469)] failed to stat report
[0304/113657.551:ERROR:crash_report_database_win.cc(469)] failed to stat report
[0304/113657.552:ERROR:crash_report_database_win.cc(469)] failed to stat report
[0304/113657.552:ERROR:crash_report_database_win.cc(469)] failed to stat report
[0304/115157.569:ERROR:crash_report_database_win.cc(469)] failed to stat report
[0304/115157.569:ERROR:crash_report_database_win.cc(469)] failed to stat report
[0304/115157.569:ERROR:crash_report_database_win.cc(469)] failed to stat report
[0304/115157.569:ERROR:crash_report_database_win.cc(469)] failed to stat report
[0304/115157.569:ERROR:crash_report_database_win.cc(469)] failed to stat report
[0304/115157.569:ERROR:crash_report_database_win.cc(469)] failed to stat report
[0304/115157.569:ERROR:crash_report_database_win.cc(469)] failed to stat report
[0304/115157.569:ERROR:crash_report_database_win.cc(469)] failed to stat report
[0304/115157.569:ERROR:crash_report_database_win.cc(469)] failed to stat report
[0304/115157.570:ERROR:crash_report_database_win.cc(469)] failed to stat report
[0304/115157.570:ERROR:crash_report_database_win.cc(469)] failed to stat report
[0304/115157.570:ERROR:crash_report_database_win.cc(469)] failed to stat report
[0304/120657.615:ERROR:crash_report_database_win.cc(469)] failed to stat report
[0304/120657.615:ERROR:crash_report_database_win.cc(469)] failed to stat report
[0304/120657.616:ERROR:crash_report_database_win.cc(469)] failed to stat report
[0304/120657.616:ERROR:crash_report_database_win.cc(469)] failed to stat report
[0304/120657.616:ERROR:crash_report_database_win.cc(469)] failed to stat report
[0304/120657.616:ERROR:crash_report_database_win.cc(469)] failed to stat report
[0304/120657.616:ERROR:crash_report_database_win.cc(469)] failed to stat report
[0304/120657.616:ERROR:crash_report_database_win.cc(469)] failed to stat report
[0304/120657.616:ERROR:crash_report_database_win.cc(469)] failed to stat report
[0304/120657.616:ERROR:crash_report_database_win.cc(469)] failed to stat report
[0304/120657.616:ERROR:crash_report_database_win.cc(469)] failed to stat report
[0304/120657.616:ERROR:crash_report_database_win.cc(469)] failed to stat report
[0304/122157.685:ERROR:crash_report_database_win.cc(469)] failed to stat report
[0304/122157.685:ERROR:crash_report_database_win.cc(469)] failed to stat report
[0304/122157.685:ERROR:crash_report_database_win.cc(469)] failed to stat report
[0304/122157.685:ERROR:crash_report_database_win.cc(469)] failed to stat report
[0304/122157.685:ERROR:crash_report_database_win.cc(469)] failed to stat report
[0304/122157.685:ERROR:crash_report_database_win.cc(469)] failed to stat report
[0304/122157.685:ERROR:crash_report_database_win.cc(469)] failed to stat report
[0304/122157.685:ERROR:crash_report_database_win.cc(469)] failed to stat report
[0304/122157.685:ERROR:crash_report_database_win.cc(469)] failed to stat report
[0304/122157.685:ERROR:crash_report_database_win.cc(469)] failed to stat report
[0304/122157.685:ERROR:crash_report_database_win.cc(469)] failed to stat report
[0304/122157.685:ERROR:crash_report_database_win.cc(469)] failed to stat report
[0304/123657.718:ERROR:crash_report_database_win.cc(469)] failed to stat report
[0304/123657.718:ERROR:crash_report_database_win.cc(469)] failed to stat report
[0304/123657.718:ERROR:crash_report_database_win.cc(469)] failed to stat report
[0304/123657.718:ERROR:crash_report_database_win.cc(469)] failed to stat report
[0304/123657.718:ERROR:crash_report_database_win.cc(469)] failed to stat report
[0304/123657.718:ERROR:crash_report_database_win.cc(469)] failed to stat report
[0304/123657.718:ERROR:crash_report_database_win.cc(469)] failed to stat report
[0304/123657.718:ERROR:crash_report_database_win.cc(469)] failed to stat report
[0304/123657.718:ERROR:crash_report_database_win.cc(469)] failed to stat report
[0304/123657.718:ERROR:crash_report_database_win.cc(469)] failed to stat report
[0304/123657.718:ERROR:crash_report_database_win.cc(469)] failed to stat report
[0304/123657.719:ERROR:crash_report_database_win.cc(469)] failed to stat report
[0304/125157.901:ERROR:crash_report_database_win.cc(469)] failed to stat report
[0304/125157.901:ERROR:crash_report_database_win.cc(469)] failed to stat report
[0304/125157.901:ERROR:crash_report_database_win.cc(469)] failed to stat report
[0304/125157.901:ERROR:crash_report_database_win.cc(469)] failed to stat report
[0304/125157.901:ERROR:crash_report_database_win.cc(469)] failed to stat report
[0304/125157.901:ERROR:crash_report_database_win.cc(469)] failed to stat report
[0304/125157.901:ERROR:crash_report_database_win.cc(469)] failed to stat report
[0304/125157.901:ERROR:crash_report_database_win.cc(469)] failed to stat report
[0304/125157.901:ERROR:crash_report_database_win.cc(469)] failed to stat report
[0304/125157.901:ERROR:crash_report_database_win.cc(469)] failed to stat report
[0304/125157.901:ERROR:crash_report_database_win.cc(469)] failed to stat report
[0304/125157.901:ERROR:crash_report_database_win.cc(469)] failed to stat report
[0304/130658.557:ERROR:crash_report_database_win.cc(469)] failed to stat report
[0304/130658.557:ERROR:crash_report_database_win.cc(469)] failed to stat report
[0304/130658.557:ERROR:crash_report_database_win.cc(469)] failed to stat report
[0304/130658.557:ERROR:crash_report_database_win.cc(469)] failed to stat report
[0304/130658.557:ERROR:crash_report_database_win.cc(469)] failed to stat report
[0304/130658.557:ERROR:crash_report_database_win.cc(469)] failed to stat report
[0304/130658.557:ERROR:crash_report_database_win.cc(469)] failed to stat report
[0304/130658.557:ERROR:crash_report_database_win.cc(469)] failed to stat report
[0304/130658.557:ERROR:crash_report_database_win.cc(469)] failed to stat report
[0304/130658.557:ERROR:crash_report_database_win.cc(469)] failed to stat report
[0304/130658.557:ERROR:crash_report_database_win.cc(469)] failed to stat report
[0304/130658.558:ERROR:crash_report_database_win.cc(469)] failed to stat report
[0304/132158.559:ERROR:crash_report_database_win.cc(469)] failed to stat report
[0304/132158.559:ERROR:crash_report_database_win.cc(469)] failed to stat report
[0304/132158.559:ERROR:crash_report_database_win.cc(469)] failed to stat report
[0304/132158.559:ERROR:crash_report_database_win.cc(469)] failed to stat report
[0304/132158.559:ERROR:crash_report_database_win.cc(469)] failed to stat report
[0304/132158.559:ERROR:crash_report_database_win.cc(469)] failed to stat report
[0304/132158.559:ERROR:crash_report_database_win.cc(469)] failed to stat report
[0304/132158.559:ERROR:crash_report_database_win.cc(469)] failed to stat report
[0304/132158.559:ERROR:crash_report_database_win.cc(469)] failed to stat report
[0304/132158.559:ERROR:crash_report_database_win.cc(469)] failed to stat report
[0304/132158.559:ERROR:crash_report_database_win.cc(469)] failed to stat report
[0304/132158.559:ERROR:crash_report_database_win.cc(469)] failed to stat report
[0304/133658.560:ERROR:crash_report_database_win.cc(469)] failed to stat report
[0304/133658.560:ERROR:crash_report_database_win.cc(469)] failed to stat report
[0304/133658.560:ERROR:crash_report_database_win.cc(469)] failed to stat report
[0304/133658.560:ERROR:crash_report_database_win.cc(469)] failed to stat report
[0304/133658.560:ERROR:crash_report_database_win.cc(469)] failed to stat report
[0304/133658.560:ERROR:crash_report_database_win.cc(469)] failed to stat report
[0304/133658.560:ERROR:crash_report_database_win.cc(469)] failed to stat report
[0304/133658.560:ERROR:crash_report_database_win.cc(469)] failed to stat report
[0304/133658.560:ERROR:crash_report_database_win.cc(469)] failed to stat report
[0304/133658.560:ERROR:crash_report_database_win.cc(469)] failed to stat report
[0304/133658.560:ERROR:crash_report_database_win.cc(469)] failed to stat report
[0304/133658.561:ERROR:crash_report_database_win.cc(469)] failed to stat report
[0304/135158.562:ERROR:crash_report_database_win.cc(469)] failed to stat report
[0304/135158.562:ERROR:crash_report_database_win.cc(469)] failed to stat report
[0304/135158.562:ERROR:crash_report_database_win.cc(469)] failed to stat report
[0304/135158.562:ERROR:crash_report_database_win.cc(469)] failed to stat report
[0304/135158.562:ERROR:crash_report_database_win.cc(469)] failed to stat report
[0304/135158.562:ERROR:crash_report_database_win.cc(469)] failed to stat report
[0304/135158.562:ERROR:crash_report_database_win.cc(469)] failed to stat report
[0304/135158.562:ERROR:crash_report_database_win.cc(469)] failed to stat report
[0304/135158.562:ERROR:crash_report_database_win.cc(469)] failed to stat report
[0304/135158.562:ERROR:crash_report_database_win.cc(469)] failed to stat report
[0304/135158.562:ERROR:crash_report_database_win.cc(469)] failed to stat report
[0304/135158.562:ERROR:crash_report_database_win.cc(469)] failed to stat report
[0304/140658.564:ERROR:crash_report_database_win.cc(469)] failed to stat report
[0304/140658.564:ERROR:crash_report_database_win.cc(469)] failed to stat report
[0304/140658.564:ERROR:crash_report_database_win.cc(469)] failed to stat report
[0304/140658.564:ERROR:crash_report_database_win.cc(469)] failed to stat report
[0304/140658.564:ERROR:crash_report_database_win.cc(469)] failed to stat report
[0304/140658.564:ERROR:crash_report_database_win.cc(469)] failed to stat report
[0304/140658.564:ERROR:crash_report_database_win.cc(469)] failed to stat report
[0304/140658.564:ERROR:crash_report_database_win.cc(469)] failed to stat report
[0304/140658.564:ERROR:crash_report_database_win.cc(469)] failed to stat report
[0304/140658.564:ERROR:crash_report_database_win.cc(469)] failed to stat report
[0304/140658.564:ERROR:crash_report_database_win.cc(469)] failed to stat report
[0304/140658.564:ERROR:crash_report_database_win.cc(469)] failed to stat report
[0304/160259.233:ERROR:crash_report_database_win.cc(469)] failed to stat report
[0304/160259.233:ERROR:crash_report_database_win.cc(469)] failed to stat report
[0304/160259.233:ERROR:crash_report_database_win.cc(469)] failed to stat report
[0304/160259.233:ERROR:crash_report_database_win.cc(469)] failed to stat report
[0304/160259.233:ERROR:crash_report_database_win.cc(469)] failed to stat report
[0304/160259.233:ERROR:crash_report_database_win.cc(469)] failed to stat report
[0304/160259.233:ERROR:crash_report_database_win.cc(469)] failed to stat report
[0304/160259.233:ERROR:crash_report_database_win.cc(469)] failed to stat report
[0304/160259.233:ERROR:crash_report_database_win.cc(469)] failed to stat report
[0304/160259.233:ERROR:crash_report_database_win.cc(469)] failed to stat report
[0304/160259.233:ERROR:crash_report_database_win.cc(469)] failed to stat report
[0304/160259.233:ERROR:crash_report_database_win.cc(469)] failed to stat report
[0304/160952.620:ERROR:process_info.cc(329)] VirtualQueryEx: Access is denied. (0x5)
[0304/160952.919:ERROR:process_reader_win.cc(151)] SuspendThread: Access is denied. (0x5)
[0304/160954.068:ERROR:process_info.cc(556)] ReadMemoryInfo failed
[0304/160953.093:ERROR:process_reader_win.cc(151)] SuspendThread: Access is denied. (0x5)
[0304/160954.068:ERROR:process_reader_win.cc(151)] SuspendThread: Access is denied. (0x5)
[0304/160954.068:ERROR:process_reader_win.cc(151)] SuspendThread: Access is denied. (0x5)
[0304/160954.068:ERROR:process_reader_win.cc(151)] SuspendThread: Access is denied. (0x5)
[0304/160954.068:ERROR:process_reader_win.cc(151)] SuspendThread: Access is denied. (0x5)
[0304/160954.068:ERROR:process_reader_win.cc(151)] SuspendThread: Access is denied. (0x5)
[0304/160954.068:ERROR:process_reader_win.cc(151)] SuspendThread: Access is denied. (0x5)
[0304/160954.068:ERROR:process_reader_win.cc(151)] SuspendThread: Access is denied. (0x5)
[0304/161854.936:ERROR:crash_report_database_win.cc(469)] failed to stat report
[0304/161854.967:ERROR:crash_report_database_win.cc(469)] failed to stat report
[0304/161854.967:ERROR:crash_report_database_win.cc(469)] failed to stat report
[0304/161854.967:ERROR:crash_report_database_win.cc(469)] failed to stat report
[0304/161854.967:ERROR:crash_report_database_win.cc(469)] failed to stat report
[0304/161854.967:ERROR:crash_report_database_win.cc(469)] failed to stat report
[0304/161854.967:ERROR:crash_report_database_win.cc(469)] failed to stat report
[0304/161854.967:ERROR:crash_report_database_win.cc(469)] failed to stat report
[0304/161854.967:ERROR:crash_report_database_win.cc(469)] failed to stat report
[0304/161854.967:ERROR:crash_report_database_win.cc(469)] failed to stat report
[0304/161854.967:ERROR:crash_report_database_win.cc(469)] failed to stat report
[0304/161854.967:ERROR:crash_report_database_win.cc(469)] failed to stat report
[0304/162854.945:ERROR:crash_report_database_win.cc(469)] failed to stat report
[0304/162854.945:ERROR:crash_report_database_win.cc(469)] failed to stat report
[0304/162854.945:ERROR:crash_report_database_win.cc(469)] failed to stat report
[0304/162854.945:ERROR:crash_report_database_win.cc(469)] failed to stat report
[0304/162854.945:ERROR:crash_report_database_win.cc(469)] failed to stat report
[0304/162854.945:ERROR:crash_report_database_win.cc(469)] failed to stat report
[0304/162854.945:ERROR:crash_report_database_win.cc(469)] failed to stat report
[0304/162854.945:ERROR:crash_report_database_win.cc(469)] failed to stat report
[0304/162854.945:ERROR:crash_report_database_win.cc(469)] failed to stat report
[0304/162854.945:ERROR:crash_report_database_win.cc(469)] failed to stat report
[0304/162854.945:ERROR:crash_report_database_win.cc(469)] failed to stat report
[0304/162854.945:ERROR:crash_report_database_win.cc(469)] failed to stat report
[0304/162854.945:ERROR:crash_report_database_win.cc(469)] failed to stat report
[0304/162854.945:ERROR:crash_report_database_win.cc(469)] failed to stat report
[0304/162854.945:ERROR:crash_report_database_win.cc(469)] failed to stat report
[0304/162854.945:ERROR:crash_report_database_win.cc(469)] failed to stat report
[0304/162854.945:ERROR:crash_report_database_win.cc(469)] failed to stat report
[0304/162854.945:ERROR:crash_report_database_win.cc(469)] failed to stat report
[0304/162854.945:ERROR:crash_report_database_win.cc(469)] failed to stat report
[0304/162854.945:ERROR:crash_report_database_win.cc(469)] failed to stat report
[0304/162854.945:ERROR:crash_report_database_win.cc(469)] failed to stat report
[0304/162854.945:ERROR:crash_report_database_win.cc(469)] failed to stat report
[0304/162854.945:ERROR:crash_report_database_win.cc(469)] failed to stat report
[0304/162854.945:ERROR:crash_report_database_win.cc(469)] failed to stat report
[0304/163354.999:ERROR:crash_report_database_win.cc(469)] failed to stat report
[0304/163355.000:ERROR:crash_report_database_win.cc(469)] failed to stat report
[0304/163355.000:ERROR:crash_report_database_win.cc(469)] failed to stat report
[0304/163355.000:ERROR:crash_report_database_win.cc(469)] failed to stat report
[0304/163355.000:ERROR:crash_report_database_win.cc(469)] failed to stat report
[0304/163355.000:ERROR:crash_report_database_win.cc(469)] failed to stat report
[0304/163355.000:ERROR:crash_report_database_win.cc(469)] failed to stat report
[0304/163355.000:ERROR:crash_report_database_win.cc(469)] failed to stat report
[0304/163355.000:ERROR:crash_report_database_win.cc(469)] failed to stat report
[0304/163355.000:ERROR:crash_report_database_win.cc(469)] failed to stat report
[0304/163355.000:ERROR:crash_report_database_win.cc(469)] failed to stat report
[0304/163355.000:ERROR:crash_report_database_win.cc(469)] failed to stat report
[0304/164855.001:ERROR:crash_report_database_win.cc(469)] failed to stat report
[0304/164855.001:ERROR:crash_report_database_win.cc(469)] failed to stat report
[0304/164855.001:ERROR:crash_report_database_win.cc(469)] failed to stat report
[0304/164855.001:ERROR:crash_report_database_win.cc(469)] failed to stat report
[0304/164855.001:ERROR:crash_report_database_win.cc(469)] failed to stat report
[0304/164855.001:ERROR:crash_report_database_win.cc(469)] failed to stat report
[0304/164855.001:ERROR:crash_report_database_win.cc(469)] failed to stat report
[0304/164855.001:ERROR:crash_report_database_win.cc(469)] failed to stat report
[0304/164855.001:ERROR:crash_report_database_win.cc(469)] failed to stat report
[0304/164855.001:ERROR:crash_report_database_win.cc(469)] failed to stat report
[0304/164855.001:ERROR:crash_report_database_win.cc(469)] failed to stat report
[0304/164855.001:ERROR:crash_report_database_win.cc(469)] failed to stat report
[0304/170355.010:ERROR:crash_report_database_win.cc(469)] failed to stat report
[0304/170355.010:ERROR:crash_report_database_win.cc(469)] failed to stat report
[0304/170355.010:ERROR:crash_report_database_win.cc(469)] failed to stat report
[0304/170355.010:ERROR:crash_report_database_win.cc(469)] failed to stat report
[0304/170355.010:ERROR:crash_report_database_win.cc(469)] failed to stat report
[0304/170355.010:ERROR:crash_report_database_win.cc(469)] failed to stat report
[0304/170355.010:ERROR:crash_report_database_win.cc(469)] failed to stat report
[0304/170355.010:ERROR:crash_report_database_win.cc(469)] failed to stat report
[0304/170355.010:ERROR:crash_report_database_win.cc(469)] failed to stat report
[0304/170355.010:ERROR:crash_report_database_win.cc(469)] failed to stat report
[0304/170355.010:ERROR:crash_report_database_win.cc(469)] failed to stat report
[0304/170355.011:ERROR:crash_report_database_win.cc(469)] failed to stat report
[0304/171855.011:ERROR:crash_report_database_win.cc(469)] failed to stat report
[0304/171855.012:ERROR:crash_report_database_win.cc(469)] failed to stat report
[0304/171855.012:ERROR:crash_report_database_win.cc(469)] failed to stat report
[0304/171855.013:ERROR:crash_report_database_win.cc(469)] failed to stat report
[0304/171855.013:ERROR:crash_report_database_win.cc(469)] failed to stat report
[0304/171855.013:ERROR:crash_report_database_win.cc(469)] failed to stat report
[0304/171855.013:ERROR:crash_report_database_win.cc(469)] failed to stat report
[0304/171855.013:ERROR:crash_report_database_win.cc(469)] failed to stat report
[0304/171855.014:ERROR:crash_report_database_win.cc(469)] failed to stat report
[0304/171855.014:ERROR:crash_report_database_win.cc(469)] failed to stat report
[0304/171855.014:ERROR:crash_report_database_win.cc(469)] failed to stat report
[0304/171855.014:ERROR:crash_report_database_win.cc(469)] failed to stat report
[0304/195934.143:ERROR:crash_report_database_win.cc(469)] failed to stat report
[0304/195934.143:ERROR:crash_report_database_win.cc(469)] failed to stat report
[0304/195934.143:ERROR:crash_report_database_win.cc(469)] failed to stat report
[0304/195934.143:ERROR:crash_report_database_win.cc(469)] failed to stat report
[0304/195934.143:ERROR:crash_report_database_win.cc(469)] failed to stat report
[0304/195934.143:ERROR:crash_report_database_win.cc(469)] failed to stat report
[0304/195934.143:ERROR:crash_report_database_win.cc(469)] failed to stat report
[0304/195934.143:ERROR:crash_report_database_win.cc(469)] failed to stat report
[0304/195934.143:ERROR:crash_report_database_win.cc(469)] failed to stat report
[0304/195934.143:ERROR:crash_report_database_win.cc(469)] failed to stat report
[0304/195934.143:ERROR:crash_report_database_win.cc(469)] failed to stat report
[0304/195934.144:ERROR:crash_report_database_win.cc(469)] failed to stat report
[0304/201434.174:ERROR:crash_report_database_win.cc(469)] failed to stat report
[0304/201434.174:ERROR:crash_report_database_win.cc(469)] failed to stat report
[0304/201434.174:ERROR:crash_report_database_win.cc(469)] failed to stat report
[0304/201434.174:ERROR:crash_report_database_win.cc(469)] failed to stat report
[0304/201434.174:ERROR:crash_report_database_win.cc(469)] failed to stat report
[0304/201434.174:ERROR:crash_report_database_win.cc(469)] failed to stat report
[0304/201434.174:ERROR:crash_report_database_win.cc(469)] failed to stat report
[0304/201434.174:ERROR:crash_report_database_win.cc(469)] failed to stat report
[0304/201434.174:ERROR:crash_report_database_win.cc(469)] failed to stat report
[0304/201434.174:ERROR:crash_report_database_win.cc(469)] failed to stat report
[0304/201434.174:ERROR:crash_report_database_win.cc(469)] failed to stat report
[0304/201434.174:ERROR:crash_report_database_win.cc(469)] failed to stat report
[0304/202934.325:ERROR:crash_report_database_win.cc(469)] failed to stat report
[0304/202934.325:ERROR:crash_report_database_win.cc(469)] failed to stat report
[0304/202934.325:ERROR:crash_report_database_win.cc(469)] failed to stat report
[0304/202934.325:ERROR:crash_report_database_win.cc(469)] failed to stat report
[0304/202934.325:ERROR:crash_report_database_win.cc(469)] failed to stat report
[0304/202934.325:ERROR:crash_report_database_win.cc(469)] failed to stat report
[0304/202934.325:ERROR:crash_report_database_win.cc(469)] failed to stat report
[0304/202934.325:ERROR:crash_report_database_win.cc(469)] failed to stat report
[0304/202934.325:ERROR:crash_report_database_win.cc(469)] failed to stat report
[0304/202934.325:ERROR:crash_report_database_win.cc(469)] failed to stat report
[0304/202934.325:ERROR:crash_report_database_win.cc(469)] failed to stat report
[0304/202934.325:ERROR:crash_report_database_win.cc(469)] failed to stat report
[0304/204434.782:ERROR:crash_report_database_win.cc(469)] failed to stat report
[0304/204434.782:ERROR:crash_report_database_win.cc(469)] failed to stat report
[0304/204434.782:ERROR:crash_report_database_win.cc(469)] failed to stat report
[0304/204434.782:ERROR:crash_report_database_win.cc(469)] failed to stat report
[0304/204434.782:ERROR:crash_report_database_win.cc(469)] failed to stat report
[0304/204434.784:ERROR:crash_report_database_win.cc(469)] failed to stat report
[0304/204434.784:ERROR:crash_report_database_win.cc(469)] failed to stat report
[0304/204434.784:ERROR:crash_report_database_win.cc(469)] failed to stat report
[0304/204434.784:ERROR:crash_report_database_win.cc(469)] failed to stat report
[0304/204434.784:ERROR:crash_report_database_win.cc(469)] failed to stat report
[0304/204434.784:ERROR:crash_report_database_win.cc(469)] failed to stat report
[0304/204434.784:ERROR:crash_report_database_win.cc(469)] failed to stat report
[0304/205934.786:ERROR:crash_report_database_win.cc(469)] failed to stat report
[0304/205934.786:ERROR:crash_report_database_win.cc(469)] failed to stat report
[0304/205934.786:ERROR:crash_report_database_win.cc(469)] failed to stat report
[0304/205934.786:ERROR:crash_report_database_win.cc(469)] failed to stat report
[0304/205934.786:ERROR:crash_report_database_win.cc(469)] failed to stat report
[0304/205934.786:ERROR:crash_report_database_win.cc(469)] failed to stat report
[0304/205934.786:ERROR:crash_report_database_win.cc(469)] failed to stat report
[0304/205934.786:ERROR:crash_report_database_win.cc(469)] failed to stat report
[0304/205934.786:ERROR:crash_report_database_win.cc(469)] failed to stat report
[0304/205934.786:ERROR:crash_report_database_win.cc(469)] failed to stat report
[0304/205934.786:ERROR:crash_report_database_win.cc(469)] failed to stat report
[0304/205934.787:ERROR:crash_report_database_win.cc(469)] failed to stat report
[0304/211434.990:ERROR:crash_report_database_win.cc(469)] failed to stat report
[0304/211434.990:ERROR:crash_report_database_win.cc(469)] failed to stat report
[0304/211434.990:ERROR:crash_report_database_win.cc(469)] failed to stat report
[0304/211434.990:ERROR:crash_report_database_win.cc(469)] failed to stat report
[0304/211434.990:ERROR:crash_report_database_win.cc(469)] failed to stat report
[0304/211434.990:ERROR:crash_report_database_win.cc(469)] failed to stat report
[0304/211434.990:ERROR:crash_report_database_win.cc(469)] failed to stat report
[0304/211434.990:ERROR:crash_report_database_win.cc(469)] failed to stat report
[0304/211434.990:ERROR:crash_report_database_win.cc(469)] failed to stat report
[0304/211434.990:ERROR:crash_report_database_win.cc(469)] failed to stat report
[0304/211434.990:ERROR:crash_report_database_win.cc(469)] failed to stat report
[0304/211434.990:ERROR:crash_report_database_win.cc(469)] failed to stat report
[0304/212934.991:ERROR:crash_report_database_win.cc(469)] failed to stat report
[0304/212934.991:ERROR:crash_report_database_win.cc(469)] failed to stat report
[0304/212934.991:ERROR:crash_report_database_win.cc(469)] failed to stat report
[0304/212934.992:ERROR:crash_report_database_win.cc(469)] failed to stat report
[0304/212934.992:ERROR:crash_report_database_win.cc(469)] failed to stat report
[0304/212934.992:ERROR:crash_report_database_win.cc(469)] failed to stat report
[0304/212934.992:ERROR:crash_report_database_win.cc(469)] failed to stat report
[0304/212934.992:ERROR:crash_report_database_win.cc(469)] failed to stat report
[0304/212934.992:ERROR:crash_report_database_win.cc(469)] failed to stat report
[0304/212934.992:ERROR:crash_report_database_win.cc(469)] failed to stat report
[0304/212934.992:ERROR:crash_report_database_win.cc(469)] failed to stat report
[0304/212934.992:ERROR:crash_report_database_win.cc(469)] failed to stat report
[0304/214434.992:ERROR:crash_report_database_win.cc(469)] failed to stat report
[0304/214434.992:ERROR:crash_report_database_win.cc(469)] failed to stat report
[0304/214434.992:ERROR:crash_report_database_win.cc(469)] failed to stat report
[0304/214434.992:ERROR:crash_report_database_win.cc(469)] failed to stat report
[0304/214434.992:ERROR:crash_report_database_win.cc(469)] failed to stat report
[0304/214434.992:ERROR:crash_report_database_win.cc(469)] failed to stat report
[0304/214434.992:ERROR:crash_report_database_win.cc(469)] failed to stat report
[0304/214434.992:ERROR:crash_report_database_win.cc(469)] failed to stat report
[0304/214434.992:ERROR:crash_report_database_win.cc(469)] failed to stat report
[0304/214434.992:ERROR:crash_report_database_win.cc(469)] failed to stat report
[0304/214434.992:ERROR:crash_report_database_win.cc(469)] failed to stat report
[0304/214434.992:ERROR:crash_report_database_win.cc(469)] failed to stat report
[0305/121237.283:ERROR:crash_report_database_win.cc(469)] failed to stat report
[0305/121237.409:ERROR:crash_report_database_win.cc(469)] failed to stat report
[0305/121237.409:ERROR:crash_report_database_win.cc(469)] failed to stat report
[0305/121237.409:ERROR:crash_report_database_win.cc(469)] failed to stat report
[0305/121237.409:ERROR:crash_report_database_win.cc(469)] failed to stat report
[0305/121237.409:ERROR:crash_report_database_win.cc(469)] failed to stat report
[0305/121237.409:ERROR:crash_report_database_win.cc(469)] failed to stat report
[0305/121237.409:ERROR:crash_report_database_win.cc(469)] failed to stat report
[0305/121237.409:ERROR:crash_report_database_win.cc(469)] failed to stat report
[0305/121237.409:ERROR:crash_report_database_win.cc(469)] failed to stat report
[0305/121237.409:ERROR:crash_report_database_win.cc(469)] failed to stat report
[0305/121237.409:ERROR:crash_report_database_win.cc(469)] failed to stat report
[0305/122237.316:ERROR:crash_report_database_win.cc(469)] failed to stat report
[0305/122237.316:ERROR:crash_report_database_win.cc(469)] failed to stat report
[0305/122237.316:ERROR:crash_report_database_win.cc(469)] failed to stat report
[0305/122237.316:ERROR:crash_report_database_win.cc(469)] failed to stat report
[0305/122237.316:ERROR:crash_report_database_win.cc(469)] failed to stat report
[0305/122237.316:ERROR:crash_report_database_win.cc(469)] failed to stat report
[0305/122237.316:ERROR:crash_report_database_win.cc(469)] failed to stat report
[0305/122237.316:ERROR:crash_report_database_win.cc(469)] failed to stat report
[0305/122237.316:ERROR:crash_report_database_win.cc(469)] failed to stat report
[0305/122237.316:ERROR:crash_report_database_win.cc(469)] failed to stat report
[0305/122237.317:ERROR:crash_report_database_win.cc(469)] failed to stat report
[0305/122237.317:ERROR:crash_report_database_win.cc(469)] failed to stat report
[0305/122237.338:ERROR:crash_report_database_win.cc(469)] failed to stat report
[0305/122237.338:ERROR:crash_report_database_win.cc(469)] failed to stat report
[0305/122237.338:ERROR:crash_report_database_win.cc(469)] failed to stat report
[0305/122237.338:ERROR:crash_report_database_win.cc(469)] failed to stat report
[0305/122237.338:ERROR:crash_report_database_win.cc(469)] failed to stat report
[0305/122237.338:ERROR:crash_report_database_win.cc(469)] failed to stat report
[0305/122237.338:ERROR:crash_report_database_win.cc(469)] failed to stat report
[0305/122237.338:ERROR:crash_report_database_win.cc(469)] failed to stat report
[0305/122237.338:ERROR:crash_report_database_win.cc(469)] failed to stat report
[0305/122237.338:ERROR:crash_report_database_win.cc(469)] failed to stat report
[0305/122237.338:ERROR:crash_report_database_win.cc(469)] failed to stat report
[0305/122237.338:ERROR:crash_report_database_win.cc(469)] failed to stat report
[0305/122738.683:ERROR:crash_report_database_win.cc(469)] failed to stat report
[0305/122738.683:ERROR:crash_report_database_win.cc(469)] failed to stat report
[0305/122738.683:ERROR:crash_report_database_win.cc(469)] failed to stat report
[0305/122738.683:ERROR:crash_report_database_win.cc(469)] failed to stat report
[0305/122738.683:ERROR:crash_report_database_win.cc(469)] failed to stat report
[0305/122738.683:ERROR:crash_report_database_win.cc(469)] failed to stat report
[0305/122738.683:ERROR:crash_report_database_win.cc(469)] failed to stat report
[0305/122738.683:ERROR:crash_report_database_win.cc(469)] failed to stat report
[0305/122738.683:ERROR:crash_report_database_win.cc(469)] failed to stat report
[0305/122738.683:ERROR:crash_report_database_win.cc(469)] failed to stat report
[0305/122738.683:ERROR:crash_report_database_win.cc(469)] failed to stat report
[0305/122738.683:ERROR:crash_report_database_win.cc(469)] failed to stat report
[0305/124238.753:ERROR:crash_report_database_win.cc(469)] failed to stat report
[0305/124238.753:ERROR:crash_report_database_win.cc(469)] failed to stat report
[0305/124238.753:ERROR:crash_report_database_win.cc(469)] failed to stat report
[0305/124238.753:ERROR:crash_report_database_win.cc(469)] failed to stat report
[0305/124238.753:ERROR:crash_report_database_win.cc(469)] failed to stat report
[0305/124238.753:ERROR:crash_report_database_win.cc(469)] failed to stat report
[0305/124238.753:ERROR:crash_report_database_win.cc(469)] failed to stat report
[0305/124238.754:ERROR:crash_report_database_win.cc(469)] failed to stat report
[0305/124238.754:ERROR:crash_report_database_win.cc(469)] failed to stat report
[0305/124238.754:ERROR:crash_report_database_win.cc(469)] failed to stat report
[0305/124238.754:ERROR:crash_report_database_win.cc(469)] failed to stat report
[0305/124238.754:ERROR:crash_report_database_win.cc(469)] failed to stat report
[0305/125738.790:ERROR:crash_report_database_win.cc(469)] failed to stat report
[0305/125738.790:ERROR:crash_report_database_win.cc(469)] failed to stat report
[0305/125738.790:ERROR:crash_report_database_win.cc(469)] failed to stat report
[0305/125738.790:ERROR:crash_report_database_win.cc(469)] failed to stat report
[0305/125738.790:ERROR:crash_report_database_win.cc(469)] failed to stat report
[0305/125738.790:ERROR:crash_report_database_win.cc(469)] failed to stat report
[0305/125738.790:ERROR:crash_report_database_win.cc(469)] failed to stat report
[0305/125738.791:ERROR:crash_report_database_win.cc(469)] failed to stat report
[0305/125738.791:ERROR:crash_report_database_win.cc(469)] failed to stat report
[0305/125738.791:ERROR:crash_report_database_win.cc(469)] failed to stat report
[0305/125738.791:ERROR:crash_report_database_win.cc(469)] failed to stat report
[0305/125738.791:ERROR:crash_report_database_win.cc(469)] failed to stat report
[0305/174937.781:ERROR:crash_report_database_win.cc(469)] failed to stat report
[0305/174937.781:ERROR:crash_report_database_win.cc(469)] failed to stat report
[0305/174937.781:ERROR:crash_report_database_win.cc(469)] failed to stat report
[0305/174937.781:ERROR:crash_report_database_win.cc(469)] failed to stat report
[0305/174937.781:ERROR:crash_report_database_win.cc(469)] failed to stat report
[0305/174937.781:ERROR:crash_report_database_win.cc(469)] failed to stat report
[0305/174937.781:ERROR:crash_report_database_win.cc(469)] failed to stat report
[0305/174937.781:ERROR:crash_report_database_win.cc(469)] failed to stat report
[0305/174937.782:ERROR:crash_report_database_win.cc(469)] failed to stat report
[0305/174937.782:ERROR:crash_report_database_win.cc(469)] failed to stat report
[0305/174937.782:ERROR:crash_report_database_win.cc(469)] failed to stat report
[0305/174937.782:ERROR:crash_report_database_win.cc(469)] failed to stat report
[0305/180437.895:ERROR:crash_report_database_win.cc(469)] failed to stat report
[0305/180437.920:ERROR:crash_report_database_win.cc(469)] failed to stat report
[0305/180437.920:ERROR:crash_report_database_win.cc(469)] failed to stat report
[0305/180437.920:ERROR:crash_report_database_win.cc(469)] failed to stat report
[0305/180437.921:ERROR:crash_report_database_win.cc(469)] failed to stat report
[0305/180437.921:ERROR:crash_report_database_win.cc(469)] failed to stat report
[0305/180437.921:ERROR:crash_report_database_win.cc(469)] failed to stat report
[0305/180437.921:ERROR:crash_report_database_win.cc(469)] failed to stat report
[0305/180437.921:ERROR:crash_report_database_win.cc(469)] failed to stat report
[0305/180437.921:ERROR:crash_report_database_win.cc(469)] failed to stat report
[0305/180437.921:ERROR:crash_report_database_win.cc(469)] failed to stat report
[0305/180437.921:ERROR:crash_report_database_win.cc(469)] failed to stat report
[0305/181329.740:ERROR:crash_report_database_win.cc(469)] failed to stat report
[0305/181329.785:ERROR:crash_report_database_win.cc(469)] failed to stat report
[0305/181329.785:ERROR:crash_report_database_win.cc(469)] failed to stat report
[0305/181329.785:ERROR:crash_report_database_win.cc(469)] failed to stat report
[0305/181329.785:ERROR:crash_report_database_win.cc(469)] failed to stat report
[0305/181329.785:ERROR:crash_report_database_win.cc(469)] failed to stat report
[0305/181329.785:ERROR:crash_report_database_win.cc(469)] failed to stat report
[0305/181329.786:ERROR:crash_report_database_win.cc(469)] failed to stat report
[0305/181329.786:ERROR:crash_report_database_win.cc(469)] failed to stat report
[0305/181329.786:ERROR:crash_report_database_win.cc(469)] failed to stat report
[0305/181329.786:ERROR:crash_report_database_win.cc(469)] failed to stat report
[0305/181329.786:ERROR:crash_report_database_win.cc(469)] failed to stat report
[0305/181938.246:ERROR:crash_report_database_win.cc(469)] failed to stat report
[0305/181938.247:ERROR:crash_report_database_win.cc(469)] failed to stat report
[0305/181938.247:ERROR:crash_report_database_win.cc(469)] failed to stat report
[0305/181938.247:ERROR:crash_report_database_win.cc(469)] failed to stat report
[0305/181938.247:ERROR:crash_report_database_win.cc(469)] failed to stat report
[0305/181938.247:ERROR:crash_report_database_win.cc(469)] failed to stat report
[0305/181938.247:ERROR:crash_report_database_win.cc(469)] failed to stat report
[0305/181938.247:ERROR:crash_report_database_win.cc(469)] failed to stat report
[0305/181938.247:ERROR:crash_report_database_win.cc(469)] failed to stat report
[0305/181938.247:ERROR:crash_report_database_win.cc(469)] failed to stat report
[0305/181938.247:ERROR:crash_report_database_win.cc(469)] failed to stat report
[0305/181938.247:ERROR:crash_report_database_win.cc(469)] failed to stat report
[0305/233350.663:ERROR:crash_report_database_win.cc(469)] failed to stat report
[0305/233350.663:ERROR:crash_report_database_win.cc(469)] failed to stat report
[0305/233350.663:ERROR:crash_report_database_win.cc(469)] failed to stat report
[0305/233350.663:ERROR:crash_report_database_win.cc(469)] failed to stat report
[0305/233350.663:ERROR:crash_report_database_win.cc(469)] failed to stat report
[0305/233350.664:ERROR:crash_report_database_win.cc(469)] failed to stat report
[0305/233350.664:ERROR:crash_report_database_win.cc(469)] failed to stat report
[0305/233350.664:ERROR:crash_report_database_win.cc(469)] failed to stat report
[0305/233350.664:ERROR:crash_report_database_win.cc(469)] failed to stat report
[0305/233350.664:ERROR:crash_report_database_win.cc(469)] failed to stat report
[0305/233350.664:ERROR:crash_report_database_win.cc(469)] failed to stat report
[0305/233350.664:ERROR:crash_report_database_win.cc(469)] failed to stat report
[0305/234851.005:ERROR:crash_report_database_win.cc(469)] failed to stat report
[0305/234851.175:ERROR:crash_report_database_win.cc(469)] failed to stat report
[0305/234851.175:ERROR:crash_report_database_win.cc(469)] failed to stat report
[0305/234851.175:ERROR:crash_report_database_win.cc(469)] failed to stat report
[0305/234851.175:ERROR:crash_report_database_win.cc(469)] failed to stat report
[0305/234851.175:ERROR:crash_report_database_win.cc(469)] failed to stat report
[0305/234851.175:ERROR:crash_report_database_win.cc(469)] failed to stat report
[0305/234851.175:ERROR:crash_report_database_win.cc(469)] failed to stat report
[0305/234851.175:ERROR:crash_report_database_win.cc(469)] failed to stat report
[0305/234851.175:ERROR:crash_report_database_win.cc(469)] failed to stat report
[0305/234851.175:ERROR:crash_report_database_win.cc(469)] failed to stat report
[0305/234851.175:ERROR:crash_report_database_win.cc(469)] failed to stat report
[0306/000351.379:ERROR:crash_report_database_win.cc(469)] failed to stat report
[0306/000351.379:ERROR:crash_report_database_win.cc(469)] failed to stat report
[0306/000351.379:ERROR:crash_report_database_win.cc(469)] failed to stat report
[0306/000351.379:ERROR:crash_report_database_win.cc(469)] failed to stat report
[0306/000351.379:ERROR:crash_report_database_win.cc(469)] failed to stat report
[0306/000351.379:ERROR:crash_report_database_win.cc(469)] failed to stat report
[0306/000351.379:ERROR:crash_report_database_win.cc(469)] failed to stat report
[0306/000351.379:ERROR:crash_report_database_win.cc(469)] failed to stat report
[0306/000351.379:ERROR:crash_report_database_win.cc(469)] failed to stat report
[0306/000351.379:ERROR:crash_report_database_win.cc(469)] failed to stat report
[0306/000351.379:ERROR:crash_report_database_win.cc(469)] failed to stat report
[0306/000351.379:ERROR:crash_report_database_win.cc(469)] failed to stat report
[0306/101643.379:ERROR:crash_report_database_win.cc(469)] failed to stat report
[0306/101643.426:ERROR:crash_report_database_win.cc(469)] failed to stat report
[0306/101643.426:ERROR:crash_report_database_win.cc(469)] failed to stat report
[0306/101643.426:ERROR:crash_report_database_win.cc(469)] failed to stat report
[0306/101643.426:ERROR:crash_report_database_win.cc(469)] failed to stat report
[0306/101643.426:ERROR:crash_report_database_win.cc(469)] failed to stat report
[0306/101643.426:ERROR:crash_report_database_win.cc(469)] failed to stat report
[0306/101643.426:ERROR:crash_report_database_win.cc(469)] failed to stat report
[0306/101643.426:ERROR:crash_report_database_win.cc(469)] failed to stat report
[0306/101643.426:ERROR:crash_report_database_win.cc(469)] failed to stat report
[0306/101643.426:ERROR:crash_report_database_win.cc(469)] failed to stat report
[0306/101643.426:ERROR:crash_report_database_win.cc(469)] failed to stat report
[0306/110116.075:ERROR:crash_report_database_win.cc(469)] failed to stat report
[0306/110116.075:ERROR:crash_report_database_win.cc(469)] failed to stat report
[0306/110116.075:ERROR:crash_report_database_win.cc(469)] failed to stat report
[0306/110116.075:ERROR:crash_report_database_win.cc(469)] failed to stat report
[0306/110116.075:ERROR:crash_report_database_win.cc(469)] failed to stat report
[0306/110116.075:ERROR:crash_report_database_win.cc(469)] failed to stat report
[0306/110116.075:ERROR:crash_report_database_win.cc(469)] failed to stat report
[0306/110116.075:ERROR:crash_report_database_win.cc(469)] failed to stat report
[0306/110116.075:ERROR:crash_report_database_win.cc(469)] failed to stat report
[0306/110116.075:ERROR:crash_report_database_win.cc(469)] failed to stat report
[0306/110116.075:ERROR:crash_report_database_win.cc(469)] failed to stat report
[0306/110116.075:ERROR:crash_report_database_win.cc(469)] failed to stat report
[0306/110116.076:ERROR:crash_report_database_win.cc(469)] failed to stat report
[0306/110116.076:ERROR:crash_report_database_win.cc(469)] failed to stat report
[0306/110116.076:ERROR:crash_report_database_win.cc(469)] failed to stat report
[0306/110116.076:ERROR:crash_report_database_win.cc(469)] failed to stat report
[0306/110116.076:ERROR:crash_report_database_win.cc(469)] failed to stat report
[0306/110116.076:ERROR:crash_report_database_win.cc(469)] failed to stat report
[0306/110116.076:ERROR:crash_report_database_win.cc(469)] failed to stat report
[0306/110116.076:ERROR:crash_report_database_win.cc(469)] failed to stat report
[0306/110116.076:ERROR:crash_report_database_win.cc(469)] failed to stat report
[0306/110116.076:ERROR:crash_report_database_win.cc(469)] failed to stat report
[0306/110116.076:ERROR:crash_report_database_win.cc(469)] failed to stat report
[0306/110116.076:ERROR:crash_report_database_win.cc(469)] failed to stat report
[0306/110616.138:ERROR:crash_report_database_win.cc(469)] failed to stat report
[0306/110616.138:ERROR:crash_report_database_win.cc(469)] failed to stat report
[0306/110616.138:ERROR:crash_report_database_win.cc(469)] failed to stat report
[0306/110616.138:ERROR:crash_report_database_win.cc(469)] failed to stat report
[0306/110616.138:ERROR:crash_report_database_win.cc(469)] failed to stat report
[0306/110616.138:ERROR:crash_report_database_win.cc(469)] failed to stat report
[0306/110616.138:ERROR:crash_report_database_win.cc(469)] failed to stat report
[0306/110616.138:ERROR:crash_report_database_win.cc(469)] failed to stat report
[0306/110616.138:ERROR:crash_report_database_win.cc(469)] failed to stat report
[0306/110616.138:ERROR:crash_report_database_win.cc(469)] failed to stat report
[0306/110616.139:ERROR:crash_report_database_win.cc(469)] failed to stat report
[0306/110616.139:ERROR:crash_report_database_win.cc(469)] failed to stat report
[0306/112116.139:ERROR:crash_report_database_win.cc(469)] failed to stat report
[0306/112116.139:ERROR:crash_report_database_win.cc(469)] failed to stat report
[0306/112116.139:ERROR:crash_report_database_win.cc(469)] failed to stat report
[0306/112116.139:ERROR:crash_report_database_win.cc(469)] failed to stat report
[0306/112116.139:ERROR:crash_report_database_win.cc(469)] failed to stat report
[0306/112116.139:ERROR:crash_report_database_win.cc(469)] failed to stat report
[0306/112116.139:ERROR:crash_report_database_win.cc(469)] failed to stat report
[0306/112116.139:ERROR:crash_report_database_win.cc(469)] failed to stat report
[0306/112116.139:ERROR:crash_report_database_win.cc(469)] failed to stat report
[0306/112116.139:ERROR:crash_report_database_win.cc(469)] failed to stat report
[0306/112116.139:ERROR:crash_report_database_win.cc(469)] failed to stat report
[0306/112116.140:ERROR:crash_report_database_win.cc(469)] failed to stat report
